<?xml version="1.0" encoding="UTF-8"?>
<testsuite name="tfsec" failures="49" tests="73">
	<testcase classname="terraform/aws/modules/compute/main.tf" name="[aws-cloudwatch-log-group-customer-key][LOW] - Log group is not encrypted." time="0">
		<failure message="Log group is not encrypted." type="">terraform/aws/modules/compute/main.tf:115-122&#xA;&#xA;resource &#34;aws_cloudwatch_log_group&#34; &#34;km_log_group&#34; {&#xA;  name              = &#34;km_log_group_${var.environment}&#34;&#xA;  retention_in_days = 1&#xA;&#xA;  tags = merge(var.default_tags, {&#xA;    Name = &#34;km_log_group_${var.environment}&#34;&#xA;  })&#xA;}&#xA;&#xA;&#xA;See https://aquasecurity.github.io/tfsec/v1.28.1/checks/aws/cloudwatch/log-group-customer-key/</failure>
	</testcase>
	<testcase classname="terraform/aws/modules/storage/main.tf" name="[aws-ec2-add-description-to-security-group][LOW] - Security group explicitly uses the default description." time="0">
		<failure message="Security group explicitly uses the default description." type="">terraform/aws/modules/storage/main.tf:10-33&#xA;&#xA;resource &#34;aws_security_group&#34; &#34;km_rds_sg&#34; {&#xA;  name   = &#34;km_rds_sg&#34;&#xA;  vpc_id = var.vpc_id&#xA;&#xA;  tags = merge(var.default_tags, {&#xA;    Name = &#34;km_rds_sg_${var.environment}&#34;&#xA;  })&#xA;&#xA;  # HTTP access from anywhere&#xA;&#xA;&#xA;See https://aquasecurity.github.io/tfsec/v1.28.1/checks/aws/ec2/add-description-to-security-group/</failure>
	</testcase>
	<testcase classname="terraform/aws/modules/storage/main.tf" name="[aws-ec2-add-description-to-security-group-rule][LOW] - Security group rule does not have a description." time="0">
		<failure message="Security group rule does not have a description." type="">terraform/aws/modules/storage/main.tf:27-32&#xA;&#xA;  egress {&#xA;    from_port   = 0&#xA;    to_port     = 0&#xA;    protocol    = &#34;-1&#34;&#xA;    cidr_blocks = [&#34;0.0.0.0/0&#34;]&#xA;  }&#xA;&#xA;&#xA;See https://aquasecurity.github.io/tfsec/v1.28.1/checks/aws/ec2/add-description-to-security-group-rule/</failure>
	</testcase>
	<testcase classname="terraform/aws/modules/storage/main.tf" name="[aws-ec2-add-description-to-security-group-rule][LOW] - Security group rule does not have a description." time="0">
		<failure message="Security group rule does not have a description." type="">terraform/aws/modules/storage/main.tf:19-24&#xA;&#xA;  ingress {&#xA;    from_port   = 5432&#xA;    to_port     = 5432&#xA;    protocol    = &#34;tcp&#34;&#xA;    cidr_blocks = [&#34;0.0.0.0/0&#34;]&#xA;  }&#xA;&#xA;&#xA;See https://aquasecurity.github.io/tfsec/v1.28.1/checks/aws/ec2/add-description-to-security-group-rule/</failure>
	</testcase>
	<testcase classname="terraform/aws/modules/network/main.tf" name="[aws-ec2-add-description-to-security-group-rule][LOW] - Security group rule does not have a description." time="0">
		<failure message="Security group rule does not have a description." type="">terraform/aws/modules/network/main.tf:144-149&#xA;&#xA;  egress {&#xA;    protocol    = &#34;-1&#34;&#xA;    from_port   = 0&#xA;    to_port     = 0&#xA;    cidr_blocks = [&#34;0.0.0.0/0&#34;]&#xA;  }&#xA;&#xA;&#xA;See https://aquasecurity.github.io/tfsec/v1.28.1/checks/aws/ec2/add-description-to-security-group-rule/</failure>
	</testcase>
	<testcase classname="terraform/aws/modules/network/main.tf" name="[aws-ec2-add-description-to-security-group-rule][LOW] - Security group rule does not have a description." time="0">
		<failure message="Security group rule does not have a description." type="">terraform/aws/modules/network/main.tf:137-142&#xA;&#xA;  ingress {&#xA;    protocol        = &#34;tcp&#34;&#xA;    from_port       = &#34;80&#34;&#xA;    to_port         = &#34;80&#34;&#xA;    security_groups = [aws_security_group.km_alb_sg.id]&#xA;  }&#xA;&#xA;&#xA;See https://aquasecurity.github.io/tfsec/v1.28.1/checks/aws/ec2/add-description-to-security-group-rule/</failure>
	</testcase>
	<testcase classname="terraform/aws/modules/network/main.tf" name="[aws-ec2-add-description-to-security-group-rule][LOW] - Security group rule does not have a description." time="0">
		<failure message="Security group rule does not have a description." type="">terraform/aws/modules/network/main.tf:121-126&#xA;&#xA;  egress {&#xA;    from_port   = 0&#xA;    to_port     = 0&#xA;    protocol    = &#34;-1&#34;&#xA;    cidr_blocks = [&#34;0.0.0.0/0&#34;]&#xA;  }&#xA;&#xA;&#xA;See https://aquasecurity.github.io/tfsec/v1.28.1/checks/aws/ec2/add-description-to-security-group-rule/</failure>
	</testcase>
	<testcase classname="terraform/aws/modules/network/main.tf" name="[aws-ec2-add-description-to-security-group-rule][LOW] - Security group rule does not have a description." time="0">
		<failure message="Security group rule does not have a description." type="">terraform/aws/modules/network/main.tf:114-119&#xA;&#xA;  ingress {&#xA;    protocol    = &#34;tcp&#34;&#xA;    from_port   = 80&#xA;    to_port     = 80&#xA;    cidr_blocks = [&#34;0.0.0.0/0&#34;]&#xA;  }&#xA;&#xA;&#xA;See https://aquasecurity.github.io/tfsec/v1.28.1/checks/aws/ec2/add-description-to-security-group-rule/</failure>
	</testcase>
	<testcase classname="terraform/aws/modules/network/main.tf" name="[aws-ec2-add-description-to-security-group-rule][LOW] - Security group rule does not have a description." time="0">
		<failure message="Security group rule does not have a description." type="">terraform/aws/modules/network/main.tf:107-112&#xA;&#xA;  ingress {&#xA;    protocol    = &#34;tcp&#34;&#xA;    from_port   = 443&#xA;    to_port     = 443&#xA;    cidr_blocks = [&#34;0.0.0.0/0&#34;]&#xA;  }&#xA;&#xA;&#xA;See https://aquasecurity.github.io/tfsec/v1.28.1/checks/aws/ec2/add-description-to-security-group-rule/</failure>
	</testcase>
	<testcase classname="terraform/aws/modules/compute/main.tf" name="[aws-ec2-enable-at-rest-encryption][HIGH] - Root block device is not encrypted." time="0">
		<failure message="Root block device is not encrypted." type="">terraform/aws/modules/compute/main.tf:124-132&#xA;&#xA;resource &#34;aws_instance&#34; &#34;km_vm&#34;{&#xA;  ami = data.aws_ami.ubuntu_ami.id&#xA;  instance_type = &#34;t2.micro&#34;&#xA;  vpc_security_group_ids = [ var.elb_sg ]&#xA;  subnet_id = var.public_subnet[0]&#xA;  tags = merge(var.default_tags, {&#xA;    Name = &#34;km_vm_${var.environment}&#34;&#xA;  })&#xA;}&#xA;&#xA;&#xA;See https://aquasecurity.github.io/tfsec/v1.28.1/checks/aws/ec2/enable-at-rest-encryption/</failure>
	</testcase>
	<testcase classname="terraform/aws/modules/compute/main.tf" name="[aws-ec2-enforce-http-token-imds][HIGH] - Instance does not require IMDS access to require a token" time="0">
		<failure message="Instance does not require IMDS access to require a token" type="">terraform/aws/modules/compute/main.tf:124-132&#xA;&#xA;resource &#34;aws_instance&#34; &#34;km_vm&#34;{&#xA;  ami = data.aws_ami.ubuntu_ami.id&#xA;  instance_type = &#34;t2.micro&#34;&#xA;  vpc_security_group_ids = [ var.elb_sg ]&#xA;  subnet_id = var.public_subnet[0]&#xA;  tags = merge(var.default_tags, {&#xA;    Name = &#34;km_vm_${var.environment}&#34;&#xA;  })&#xA;}&#xA;&#xA;&#xA;See https://aquasecurity.github.io/tfsec/v1.28.1/checks/aws/ec2/enforce-http-token-imds/</failure>
	</testcase>
	<testcase classname="terraform/aws/modules/storage/main.tf" name="[aws-ec2-no-public-egress-sgr][CRITICAL] - Security group rule allows egress to multiple public internet addresses." time="0">
		<failure message="Security group rule allows egress to multiple public internet addresses." type="">terraform/aws/modules/storage/main.tf:31&#xA;&#xA;    cidr_blocks = [&#34;0.0.0.0/0&#34;]&#xA;&#xA;&#xA;See https://aquasecurity.github.io/tfsec/v1.28.1/checks/aws/ec2/no-public-egress-sgr/</failure>
	</testcase>
	<testcase classname="terraform/aws/modules/network/main.tf" name="[aws-ec2-no-public-egress-sgr][CRITICAL] - Security group rule allows egress to multiple public internet addresses." time="0">
		<failure message="Security group rule allows egress to multiple public internet addresses." type="">terraform/aws/modules/network/main.tf:148&#xA;&#xA;    cidr_blocks = [&#34;0.0.0.0/0&#34;]&#xA;&#xA;&#xA;See https://aquasecurity.github.io/tfsec/v1.28.1/checks/aws/ec2/no-public-egress-sgr/</failure>
	</testcase>
	<testcase classname="terraform/aws/modules/network/main.tf" name="[aws-ec2-no-public-egress-sgr][CRITICAL] - Security group rule allows egress to multiple public internet addresses." time="0">
		<failure message="Security group rule allows egress to multiple public internet addresses." type="">terraform/aws/modules/network/main.tf:125&#xA;&#xA;    cidr_blocks = [&#34;0.0.0.0/0&#34;]&#xA;&#xA;&#xA;See https://aquasecurity.github.io/tfsec/v1.28.1/checks/aws/ec2/no-public-egress-sgr/</failure>
	</testcase>
	<testcase classname="terraform/aws/modules/storage/main.tf" name="[aws-ec2-no-public-ingress-sgr][CRITICAL] - Security group rule allows ingress from public internet." time="0">
		<failure message="Security group rule allows ingress from public internet." type="">terraform/aws/modules/storage/main.tf:23&#xA;&#xA;    cidr_blocks = [&#34;0.0.0.0/0&#34;]&#xA;&#xA;&#xA;See https://aquasecurity.github.io/tfsec/v1.28.1/checks/aws/ec2/no-public-ingress-sgr/</failure>
	</testcase>
	<testcase classname="terraform/aws/modules/network/main.tf" name="[aws-ec2-no-public-ingress-sgr][CRITICAL] - Security group rule allows ingress from public internet." time="0">
		<failure message="Security group rule allows ingress from public internet." type="">terraform/aws/modules/network/main.tf:118&#xA;&#xA;    cidr_blocks = [&#34;0.0.0.0/0&#34;]&#xA;&#xA;&#xA;See https://aquasecurity.github.io/tfsec/v1.28.1/checks/aws/ec2/no-public-ingress-sgr/</failure>
	</testcase>
	<testcase classname="terraform/aws/modules/network/main.tf" name="[aws-ec2-no-public-ingress-sgr][CRITICAL] - Security group rule allows ingress from public internet." time="0">
		<failure message="Security group rule allows ingress from public internet." type="">terraform/aws/modules/network/main.tf:111&#xA;&#xA;    cidr_blocks = [&#34;0.0.0.0/0&#34;]&#xA;&#xA;&#xA;See https://aquasecurity.github.io/tfsec/v1.28.1/checks/aws/ec2/no-public-ingress-sgr/</failure>
	</testcase>
	<testcase classname="terraform/aws/modules/network/main.tf" name="[aws-ec2-no-public-ip-subnet][HIGH] - Subnet associates public IP address." time="0">
		<failure message="Subnet associates public IP address." type="">terraform/aws/modules/network/main.tf:47&#xA;&#xA;  map_public_ip_on_launch = true&#xA;&#xA;&#xA;See https://aquasecurity.github.io/tfsec/v1.28.1/checks/aws/ec2/no-public-ip-subnet/</failure>
	</testcase>
	<testcase classname="terraform/aws/modules/network/main.tf" name="[aws-ec2-no-public-ip-subnet][HIGH] - Subnet associates public IP address." time="0">
		<failure message="Subnet associates public IP address." type="">terraform/aws/modules/network/main.tf:47&#xA;&#xA;  map_public_ip_on_launch = true&#xA;&#xA;&#xA;See https://aquasecurity.github.io/tfsec/v1.28.1/checks/aws/ec2/no-public-ip-subnet/</failure>
	</testcase>
	<testcase classname="terraform/aws/modules/network/main.tf" name="[aws-ec2-require-vpc-flow-logs-for-all-vpcs][MEDIUM] - VPC Flow Logs is not enabled for VPC " time="0">
		<failure message="VPC Flow Logs is not enabled for VPC " type="">terraform/aws/modules/network/main.tf:4-12&#xA;&#xA;resource &#34;aws_vpc&#34; &#34;km_vpc&#34; {&#xA;  cidr_block           = &#34;10.0.0.0/16&#34;&#xA;  enable_dns_support   = true&#xA;  enable_dns_hostnames = true&#xA;&#xA;  tags = merge(var.default_tags, {&#xA;    Name = &#34;km_vpc_${var.environment}&#34;&#xA;  })&#xA;}&#xA;&#xA;&#xA;See https://aquasecurity.github.io/tfsec/v1.28.1/checks/aws/ec2/require-vpc-flow-logs-for-all-vpcs/</failure>
	</testcase>
	<testcase classname="terraform/aws/modules/compute/main.tf" name="[aws-ecs-enable-container-insight][LOW] - Cluster does not have container insights enabled." time="0">
		<failure message="Cluster does not have container insights enabled." type="">terraform/aws/modules/compute/main.tf:73-79&#xA;&#xA;resource &#34;aws_ecs_cluster&#34; &#34;km_ecs_cluster&#34; {&#xA;  name = &#34;km_ecs_cluster-${var.environment}&#34;&#xA;&#xA;  tags = merge(var.default_tags, {&#xA;    Name = &#34;km_ecs_cluster_${var.environment}&#34;&#xA;  })&#xA;}&#xA;&#xA;&#xA;See https://aquasecurity.github.io/tfsec/v1.28.1/checks/aws/ecs/enable-container-insight/</failure>
	</testcase>
	<testcase classname="terraform/aws/modules/network/main.tf" name="[aws-elb-alb-not-public][HIGH] - Load balancer is exposed publicly." time="0">
		<failure message="Load balancer is exposed publicly." type="">terraform/aws/modules/network/main.tf:156-160&#xA;&#xA;resource &#34;aws_lb&#34; &#34;km_lb&#34; {&#xA;  name            = &#34;km-lb-${var.environment}&#34;&#xA;  subnets         = aws_subnet.km_public_subnet.*.id&#xA;  security_groups = [aws_security_group.km_alb_sg.id]&#xA;}&#xA;&#xA;&#xA;See https://aquasecurity.github.io/tfsec/v1.28.1/checks/aws/elb/alb-not-public/</failure>
	</testcase>
	<testcase classname="terraform/aws/modules/network/main.tf" name="[aws-elb-drop-invalid-headers][HIGH] - Application load balancer is not set to drop invalid headers." time="0">
		<failure message="Application load balancer is not set to drop invalid headers." type="">terraform/aws/modules/network/main.tf:156-160&#xA;&#xA;resource &#34;aws_lb&#34; &#34;km_lb&#34; {&#xA;  name            = &#34;km-lb-${var.environment}&#34;&#xA;  subnets         = aws_subnet.km_public_subnet.*.id&#xA;  security_groups = [aws_security_group.km_alb_sg.id]&#xA;}&#xA;&#xA;&#xA;See https://aquasecurity.github.io/tfsec/v1.28.1/checks/aws/elb/drop-invalid-headers/</failure>
	</testcase>
	<testcase classname="terraform/aws/modules/network/main.tf" name="[aws-elb-http-not-used][CRITICAL] - Listener for application load balancer does not use HTTPS." time="0">
		<failure message="Listener for application load balancer does not use HTTPS." type="">terraform/aws/modules/network/main.tf:175&#xA;&#xA;  protocol          = &#34;HTTP&#34;&#xA;&#xA;&#xA;See https://aquasecurity.github.io/tfsec/v1.28.1/checks/aws/elb/http-not-used/</failure>
	</testcase>
	<testcase classname="terraform/aws/modules/compute/main.tf" name="[aws-iam-no-policy-wildcards][HIGH] - IAM policy document uses sensitive action &#39;kms:Decrypt&#39; on wildcarded resource &#39;*&#39;" time="0">
		<failure message="IAM policy document uses sensitive action &#39;kms:Decrypt&#39; on wildcarded resource &#39;*&#39;" type="">terraform/aws/modules/compute/main.tf:56&#xA;&#xA;            &#34;Resource&#34;: &#34;*&#34;&#xA;&#xA;&#xA;See https://aquasecurity.github.io/tfsec/v1.28.1/checks/aws/iam/no-policy-wildcards/</failure>
	</testcase>
	<testcase classname="terraform/aws/modules/compute/main.tf" name="[aws-iam-no-policy-wildcards][HIGH] - IAM policy document uses sensitive action &#39;kms:Decrypt&#39; on wildcarded resource &#39;*&#39;" time="0">
		<failure message="IAM policy document uses sensitive action &#39;kms:Decrypt&#39; on wildcarded resource &#39;*&#39;" type="">terraform/aws/modules/compute/main.tf:56&#xA;&#xA;            &#34;Resource&#34;: &#34;*&#34;&#xA;&#xA;&#xA;See https://aquasecurity.github.io/tfsec/v1.28.1/checks/aws/iam/no-policy-wildcards/</failure>
	</testcase>
	<testcase classname="terraform/aws/modules/compute/main.tf" name="[aws-iam-no-policy-wildcards][HIGH] - IAM policy document uses sensitive action &#39;secretsmanager:GetSecretValue&#39; on wildcarded resource &#39;*&#39;" time="0">
		<failure message="IAM policy document uses sensitive action &#39;secretsmanager:GetSecretValue&#39; on wildcarded resource &#39;*&#39;" type="">terraform/aws/modules/compute/main.tf:46&#xA;&#xA;            &#34;Resource&#34;: &#34;*&#34;&#xA;&#xA;&#xA;See https://aquasecurity.github.io/tfsec/v1.28.1/checks/aws/iam/no-policy-wildcards/</failure>
	</testcase>
	<testcase classname="terraform/aws/modules/compute/main.tf" name="[aws-iam-no-policy-wildcards][HIGH] - IAM policy document uses sensitive action &#39;secretsmanager:GetSecretValue&#39; on wildcarded resource &#39;*&#39;" time="0">
		<failure message="IAM policy document uses sensitive action &#39;secretsmanager:GetSecretValue&#39; on wildcarded resource &#39;*&#39;" type="">terraform/aws/modules/compute/main.tf:46&#xA;&#xA;            &#34;Resource&#34;: &#34;*&#34;&#xA;&#xA;&#xA;See https://aquasecurity.github.io/tfsec/v1.28.1/checks/aws/iam/no-policy-wildcards/</failure>
	</testcase>
	<testcase classname="terraform/aws/modules/storage/main.tf" name="[aws-rds-enable-deletion-protection][MEDIUM] - Instance does not have Deletion Protection enabled" time="0">
		<failure message="Instance does not have Deletion Protection enabled" type="">terraform/aws/modules/storage/main.tf:45-64&#xA;&#xA;resource &#34;aws_db_instance&#34; &#34;km_db&#34; {&#xA;  name                      = &#34;km_db_${var.environment}&#34;&#xA;  allocated_storage         = 20&#xA;  engine                    = &#34;postgres&#34;&#xA;  engine_version            = &#34;10.6&#34;&#xA;  instance_class            = &#34;db.t3.medium&#34;&#xA;  storage_type              = &#34;gp2&#34;&#xA;  password                  = var.db_password&#xA;  username                  = var.db_username&#xA;&#xA;&#xA;See https://aquasecurity.github.io/tfsec/v1.28.1/checks/aws/rds/enable-deletion-protection/</failure>
	</testcase>
	<testcase classname="terraform/aws/modules/storage/main.tf" name="[aws-rds-enable-iam-auth][MEDIUM] - Instance does not have IAM Authentication enabled" time="0">
		<failure message="Instance does not have IAM Authentication enabled" type="">terraform/aws/modules/storage/main.tf:45-64&#xA;&#xA;resource &#34;aws_db_instance&#34; &#34;km_db&#34; {&#xA;  name                      = &#34;km_db_${var.environment}&#34;&#xA;  allocated_storage         = 20&#xA;  engine                    = &#34;postgres&#34;&#xA;  engine_version            = &#34;10.6&#34;&#xA;  instance_class            = &#34;db.t3.medium&#34;&#xA;  storage_type              = &#34;gp2&#34;&#xA;  password                  = var.db_password&#xA;  username                  = var.db_username&#xA;&#xA;&#xA;See https://aquasecurity.github.io/tfsec/v1.28.1/checks/aws/rds/enable-iam-auth/</failure>
	</testcase>
	<testcase classname="terraform/aws/modules/storage/main.tf" name="[aws-rds-enable-performance-insights][LOW] - Instance does not have performance insights enabled." time="0">
		<failure message="Instance does not have performance insights enabled." type="">terraform/aws/modules/storage/main.tf:45-64&#xA;&#xA;resource &#34;aws_db_instance&#34; &#34;km_db&#34; {&#xA;  name                      = &#34;km_db_${var.environment}&#34;&#xA;  allocated_storage         = 20&#xA;  engine                    = &#34;postgres&#34;&#xA;  engine_version            = &#34;10.6&#34;&#xA;  instance_class            = &#34;db.t3.medium&#34;&#xA;  storage_type              = &#34;gp2&#34;&#xA;  password                  = var.db_password&#xA;  username                  = var.db_username&#xA;&#xA;&#xA;See https://aquasecurity.github.io/tfsec/v1.28.1/checks/aws/rds/enable-performance-insights/</failure>
	</testcase>
	<testcase classname="terraform/aws/modules/storage/main.tf" name="[aws-rds-specify-backup-retention][MEDIUM] - Instance has very low backup retention period." time="0">
		<failure message="Instance has very low backup retention period." type="">terraform/aws/modules/storage/main.tf:45-64&#xA;&#xA;resource &#34;aws_db_instance&#34; &#34;km_db&#34; {&#xA;  name                      = &#34;km_db_${var.environment}&#34;&#xA;  allocated_storage         = 20&#xA;  engine                    = &#34;postgres&#34;&#xA;  engine_version            = &#34;10.6&#34;&#xA;  instance_class            = &#34;db.t3.medium&#34;&#xA;  storage_type              = &#34;gp2&#34;&#xA;  password                  = var.db_password&#xA;  username                  = var.db_username&#xA;&#xA;&#xA;See https://aquasecurity.github.io/tfsec/v1.28.1/checks/aws/rds/specify-backup-retention/</failure>
	</testcase>
	<testcase classname="terraform/aws/modules/storage/main.tf" name="[aws-s3-block-public-acls][HIGH] - Public access block does not block public ACLs" time="0">
		<failure message="Public access block does not block public ACLs" type="">terraform/aws/modules/storage/main.tf:119&#xA;&#xA;  block_public_acls   = false&#xA;&#xA;&#xA;See https://aquasecurity.github.io/tfsec/v1.28.1/checks/aws/s3/block-public-acls/</failure>
	</testcase>
	<testcase classname="terraform/aws/modules/storage/main.tf" name="[aws-s3-block-public-acls][HIGH] - No public access block so not blocking public acls" time="0">
		<failure message="No public access block so not blocking public acls" type="">terraform/aws/modules/storage/main.tf:104-110&#xA;&#xA;resource &#34;aws_s3_bucket&#34; &#34;km_blob_storage&#34; {&#xA;  bucket = &#34;km-blob-storage-${var.environment}&#34;&#xA;  acl    = &#34;private&#34;&#xA;  tags = merge(var.default_tags, {&#xA;    name = &#34;km_blob_storage_${var.environment}&#34;&#xA;  })&#xA;}&#xA;&#xA;&#xA;See https://aquasecurity.github.io/tfsec/v1.28.1/checks/aws/s3/block-public-acls/</failure>
	</testcase>
	<testcase classname="terraform/aws/modules/storage/main.tf" name="[aws-s3-block-public-policy][HIGH] - Public access block does not block public policies" time="0">
		<failure message="Public access block does not block public policies" type="">terraform/aws/modules/storage/main.tf:120&#xA;&#xA;  block_public_policy = false&#xA;&#xA;&#xA;See https://aquasecurity.github.io/tfsec/v1.28.1/checks/aws/s3/block-public-policy/</failure>
	</testcase>
	<testcase classname="terraform/aws/modules/storage/main.tf" name="[aws-s3-block-public-policy][HIGH] - No public access block so not blocking public policies" time="0">
		<failure message="No public access block so not blocking public policies" type="">terraform/aws/modules/storage/main.tf:104-110&#xA;&#xA;resource &#34;aws_s3_bucket&#34; &#34;km_blob_storage&#34; {&#xA;  bucket = &#34;km-blob-storage-${var.environment}&#34;&#xA;  acl    = &#34;private&#34;&#xA;  tags = merge(var.default_tags, {&#xA;    name = &#34;km_blob_storage_${var.environment}&#34;&#xA;  })&#xA;}&#xA;&#xA;&#xA;See https://aquasecurity.github.io/tfsec/v1.28.1/checks/aws/s3/block-public-policy/</failure>
	</testcase>
	<testcase classname="terraform/aws/modules/storage/main.tf" name="[aws-s3-enable-bucket-encryption][HIGH] - Bucket does not have encryption enabled" time="0">
		<failure message="Bucket does not have encryption enabled" type="">terraform/aws/modules/storage/main.tf:112-114&#xA;&#xA;resource &#34;aws_s3_bucket&#34; &#34;km_public_blob&#34; {&#xA;  bucket = &#34;km-public-blob&#34;&#xA;}&#xA;&#xA;&#xA;See https://aquasecurity.github.io/tfsec/v1.28.1/checks/aws/s3/enable-bucket-encryption/</failure>
	</testcase>
	<testcase classname="terraform/aws/modules/storage/main.tf" name="[aws-s3-enable-bucket-encryption][HIGH] - Bucket does not have encryption enabled" time="0">
		<failure message="Bucket does not have encryption enabled" type="">terraform/aws/modules/storage/main.tf:104-110&#xA;&#xA;resource &#34;aws_s3_bucket&#34; &#34;km_blob_storage&#34; {&#xA;  bucket = &#34;km-blob-storage-${var.environment}&#34;&#xA;  acl    = &#34;private&#34;&#xA;  tags = merge(var.default_tags, {&#xA;    name = &#34;km_blob_storage_${var.environment}&#34;&#xA;  })&#xA;}&#xA;&#xA;&#xA;See https://aquasecurity.github.io/tfsec/v1.28.1/checks/aws/s3/enable-bucket-encryption/</failure>
	</testcase>
	<testcase classname="terraform/aws/modules/storage/main.tf" name="[aws-s3-enable-bucket-logging][MEDIUM] - Bucket does not have logging enabled" time="0">
		<failure message="Bucket does not have logging enabled" type="">terraform/aws/modules/storage/main.tf:112-114&#xA;&#xA;resource &#34;aws_s3_bucket&#34; &#34;km_public_blob&#34; {&#xA;  bucket = &#34;km-public-blob&#34;&#xA;}&#xA;&#xA;&#xA;See https://aquasecurity.github.io/tfsec/v1.28.1/checks/aws/s3/enable-bucket-logging/</failure>
	</testcase>
	<testcase classname="terraform/aws/modules/storage/main.tf" name="[aws-s3-enable-bucket-logging][MEDIUM] - Bucket does not have logging enabled" time="0">
		<failure message="Bucket does not have logging enabled" type="">terraform/aws/modules/storage/main.tf:104-110&#xA;&#xA;resource &#34;aws_s3_bucket&#34; &#34;km_blob_storage&#34; {&#xA;  bucket = &#34;km-blob-storage-${var.environment}&#34;&#xA;  acl    = &#34;private&#34;&#xA;  tags = merge(var.default_tags, {&#xA;    name = &#34;km_blob_storage_${var.environment}&#34;&#xA;  })&#xA;}&#xA;&#xA;&#xA;See https://aquasecurity.github.io/tfsec/v1.28.1/checks/aws/s3/enable-bucket-logging/</failure>
	</testcase>
	<testcase classname="terraform/aws/modules/storage/main.tf" name="[aws-s3-enable-versioning][MEDIUM] - Bucket does not have versioning enabled" time="0">
		<failure message="Bucket does not have versioning enabled" type="">terraform/aws/modules/storage/main.tf:112-114&#xA;&#xA;resource &#34;aws_s3_bucket&#34; &#34;km_public_blob&#34; {&#xA;  bucket = &#34;km-public-blob&#34;&#xA;}&#xA;&#xA;&#xA;See https://aquasecurity.github.io/tfsec/v1.28.1/checks/aws/s3/enable-versioning/</failure>
	</testcase>
	<testcase classname="terraform/aws/modules/storage/main.tf" name="[aws-s3-enable-versioning][MEDIUM] - Bucket does not have versioning enabled" time="0">
		<failure message="Bucket does not have versioning enabled" type="">terraform/aws/modules/storage/main.tf:104-110&#xA;&#xA;resource &#34;aws_s3_bucket&#34; &#34;km_blob_storage&#34; {&#xA;  bucket = &#34;km-blob-storage-${var.environment}&#34;&#xA;  acl    = &#34;private&#34;&#xA;  tags = merge(var.default_tags, {&#xA;    name = &#34;km_blob_storage_${var.environment}&#34;&#xA;  })&#xA;}&#xA;&#xA;&#xA;See https://aquasecurity.github.io/tfsec/v1.28.1/checks/aws/s3/enable-versioning/</failure>
	</testcase>
	<testcase classname="terraform/aws/modules/storage/main.tf" name="[aws-s3-encryption-customer-key][HIGH] - Bucket does not encrypt data with a customer managed key." time="0">
		<failure message="Bucket does not encrypt data with a customer managed key." type="">terraform/aws/modules/storage/main.tf:112-114&#xA;&#xA;resource &#34;aws_s3_bucket&#34; &#34;km_public_blob&#34; {&#xA;  bucket = &#34;km-public-blob&#34;&#xA;}&#xA;&#xA;&#xA;See https://aquasecurity.github.io/tfsec/v1.28.1/checks/aws/s3/encryption-customer-key/</failure>
	</testcase>
	<testcase classname="terraform/aws/modules/storage/main.tf" name="[aws-s3-encryption-customer-key][HIGH] - Bucket does not encrypt data with a customer managed key." time="0">
		<failure message="Bucket does not encrypt data with a customer managed key." type="">terraform/aws/modules/storage/main.tf:104-110&#xA;&#xA;resource &#34;aws_s3_bucket&#34; &#34;km_blob_storage&#34; {&#xA;  bucket = &#34;km-blob-storage-${var.environment}&#34;&#xA;  acl    = &#34;private&#34;&#xA;  tags = merge(var.default_tags, {&#xA;    name = &#34;km_blob_storage_${var.environment}&#34;&#xA;  })&#xA;}&#xA;&#xA;&#xA;See https://aquasecurity.github.io/tfsec/v1.28.1/checks/aws/s3/encryption-customer-key/</failure>
	</testcase>
	<testcase classname="terraform/aws/modules/storage/main.tf" name="[aws-s3-ignore-public-acls][HIGH] - Public access block does not ignore public ACLs" time="0">
		<failure message="Public access block does not ignore public ACLs" type="">terraform/aws/modules/storage/main.tf:116-121&#xA;&#xA;resource &#34;aws_s3_bucket_public_access_block&#34; &#34;km_public_blob&#34; {&#xA;  bucket = aws_s3_bucket.km_public_blob.id&#xA;&#xA;  block_public_acls   = false&#xA;  block_public_policy = false&#xA;}&#xA;&#xA;&#xA;See https://aquasecurity.github.io/tfsec/v1.28.1/checks/aws/s3/ignore-public-acls/</failure>
	</testcase>
	<testcase classname="terraform/aws/modules/storage/main.tf" name="[aws-s3-ignore-public-acls][HIGH] - No public access block so not ignoring public acls" time="0">
		<failure message="No public access block so not ignoring public acls" type="">terraform/aws/modules/storage/main.tf:104-110&#xA;&#xA;resource &#34;aws_s3_bucket&#34; &#34;km_blob_storage&#34; {&#xA;  bucket = &#34;km-blob-storage-${var.environment}&#34;&#xA;  acl    = &#34;private&#34;&#xA;  tags = merge(var.default_tags, {&#xA;    name = &#34;km_blob_storage_${var.environment}&#34;&#xA;  })&#xA;}&#xA;&#xA;&#xA;See https://aquasecurity.github.io/tfsec/v1.28.1/checks/aws/s3/ignore-public-acls/</failure>
	</testcase>
	<testcase classname="terraform/aws/modules/storage/main.tf" name="[aws-s3-no-public-buckets][HIGH] - Public access block does not restrict public buckets" time="0">
		<failure message="Public access block does not restrict public buckets" type="">terraform/aws/modules/storage/main.tf:116-121&#xA;&#xA;resource &#34;aws_s3_bucket_public_access_block&#34; &#34;km_public_blob&#34; {&#xA;  bucket = aws_s3_bucket.km_public_blob.id&#xA;&#xA;  block_public_acls   = false&#xA;  block_public_policy = false&#xA;}&#xA;&#xA;&#xA;See https://aquasecurity.github.io/tfsec/v1.28.1/checks/aws/s3/no-public-buckets/</failure>
	</testcase>
	<testcase classname="terraform/aws/modules/storage/main.tf" name="[aws-s3-no-public-buckets][HIGH] - No public access block so not restricting public buckets" time="0">
		<failure message="No public access block so not restricting public buckets" type="">terraform/aws/modules/storage/main.tf:104-110&#xA;&#xA;resource &#34;aws_s3_bucket&#34; &#34;km_blob_storage&#34; {&#xA;  bucket = &#34;km-blob-storage-${var.environment}&#34;&#xA;  acl    = &#34;private&#34;&#xA;  tags = merge(var.default_tags, {&#xA;    name = &#34;km_blob_storage_${var.environment}&#34;&#xA;  })&#xA;}&#xA;&#xA;&#xA;See https://aquasecurity.github.io/tfsec/v1.28.1/checks/aws/s3/no-public-buckets/</failure>
	</testcase>
	<testcase classname="terraform/aws/modules/storage/main.tf" name="[aws-s3-specify-public-access-block][LOW] - Bucket does not have a corresponding public access block." time="0">
		<failure message="Bucket does not have a corresponding public access block." type="">terraform/aws/modules/storage/main.tf:104-110&#xA;&#xA;resource &#34;aws_s3_bucket&#34; &#34;km_blob_storage&#34; {&#xA;  bucket = &#34;km-blob-storage-${var.environment}&#34;&#xA;  acl    = &#34;private&#34;&#xA;  tags = merge(var.default_tags, {&#xA;    name = &#34;km_blob_storage_${var.environment}&#34;&#xA;  })&#xA;}&#xA;&#xA;&#xA;See https://aquasecurity.github.io/tfsec/v1.28.1/checks/aws/s3/specify-public-access-block/</failure>
	</testcase>
</testsuite>